Traceback (most recent call last):
  File "/home/shawn/nexus_checker/nexus_checker.py", line 65, in <module>
    result = lambda_handler()
             ^^^^^^^^^^^^^^^^
  File "/home/shawn/nexus_checker/nexus_checker.py", line 19, in lambda_handler
    current_appt_time = datetime.fromisoformat(pastebin_data['date_str'])
                        ^^^^^^^^^^^^^^^^^^^^^^^^^^^^^^^^^^^^^^^^^^^^^^^^^
ValueError: Invalid isoformat string: 'April 30, 2024 12:00 PM'
Traceback (most recent call last):
  File "/home/shawn/nexus_checker/nexus_checker.py", line 65, in <module>
    result = lambda_handler()
             ^^^^^^^^^^^^^^^^
  File "/home/shawn/nexus_checker/nexus_checker.py", line 19, in lambda_handler
    current_appt_time = datetime.fromisoformat(pastebin_data['date_str'])
                        ^^^^^^^^^^^^^^^^^^^^^^^^^^^^^^^^^^^^^^^^^^^^^^^^^
ValueError: Invalid isoformat string: 'April 30, 2024 12:00 PM'
Traceback (most recent call last):
  File "/home/shawn/nexus_checker/nexus_checker.py", line 67, in <module>
    result = lambda_handler()
             ^^^^^^^^^^^^^^^^
  File "/home/shawn/nexus_checker/nexus_checker.py", line 20, in lambda_handler
    current_appt_time = datetime.strptime(pastebin_data['date_str'], "%B %d, %Y %I:%M %p")
                        ^^^^^^^^^^^^^^^^^^^^^^^^^^^^^^^^^^^^^^^^^^^^^^^^^^^^^^^^^^^^^^^^^^
  File "/usr/lib/python3.12/_strptime.py", line 554, in _strptime_datetime
    tt, fraction, gmtoff_fraction = _strptime(data_string, format)
                                    ^^^^^^^^^^^^^^^^^^^^^^^^^^^^^^
  File "/usr/lib/python3.12/_strptime.py", line 333, in _strptime
    raise ValueError("time data %r does not match format %r" %
ValueError: time data '2099-12-31T12:00:00' does not match format '%B %d, %Y %I:%M %p'
{'message': 'No earlier slots available.'}
Traceback (most recent call last):
  File "/home/shawn/nexus_checker/nexus_checker.py", line 67, in <module>
    result = lambda_handler()
             ^^^^^^^^^^^^^^^^
  File "/home/shawn/nexus_checker/nexus_checker.py", line 20, in lambda_handler
    current_appt_time = datetime.strptime(pastebin_data['date_str'], "%B %d, %Y %I:%M %p")
                        ^^^^^^^^^^^^^^^^^^^^^^^^^^^^^^^^^^^^^^^^^^^^^^^^^^^^^^^^^^^^^^^^^^
  File "/usr/lib/python3.12/_strptime.py", line 554, in _strptime_datetime
    tt, fraction, gmtoff_fraction = _strptime(data_string, format)
                                    ^^^^^^^^^^^^^^^^^^^^^^^^^^^^^^
  File "/usr/lib/python3.12/_strptime.py", line 333, in _strptime
    raise ValueError("time data %r does not match format %r" %
ValueError: time data '2099-12-31T12:00:00' does not match format '%B %d, %Y %I:%M %p'
{'message': 'Notification sent.'}
{'message': 'Notification sent.'}
{'message': 'No earlier slots available.'}
{'message': 'No earlier slots available.'}
{'message': 'Notification sent.'}
{'message': 'No earlier slots available.'}
{'message': 'Notification sent.'}
{'message': 'Notification sent.'}
{'message': 'Notification sent.'}
{'message': 'No earlier slots available.'}
{'message': 'Notification sent.'}
{'message': 'No earlier slots available.'}
{'message': 'No earlier slots available.'}
{'message': 'No earlier slots available.'}
{'message': 'Notification sent.'}
{'message': 'Notification sent.'}
{'message': 'Notification sent.'}
{'message': 'Notification sent.'}
{'message': 'Notification sent.'}
{'message': 'Notification sent.'}
{'message': 'Notification sent.'}
{'message': 'Notification sent.'}
{'message': 'Notification sent.'}
